<?xml version="1.0" encoding="UTF-8"?>
<testsuite xmlns:xsi="http://www.w3.org/2001/XMLSchema-instance" xsi:noNamespaceSchemaLocation="https://maven.apache.org/surefire/maven-surefire-plugin/xsd/surefire-test-report.xsd" name="org.glasswall.solutions.client.RebuildClientTest" time="1.508" tests="13" errors="4" skipped="0" failures="0">
  <properties>
[...]
</properties>
  <testcase name="testRebuildBase64UnSuccessResponse" classname="org.glasswall.solutions.client.RebuildClientTest" time="0.667">
    <error message="Unexpected exception, expected&lt;org.glasswall.solutions.exceptions.RebuildApiException&gt; but was&lt;java.lang.NullPointerException&gt;" type="java.lang.Exception"><![CDATA[java.lang.Exception: Unexpected exception, expected<org.glasswall.solutions.exceptions.RebuildApiException> but was<java.lang.NullPointerException>
	at org.glasswall.solutions.client.RebuildClientTest.testRebuildBase64UnSuccessResponse(RebuildClientTest.java:119)
]]></error>
  </testcase>
  <testcase name="testConstructorHostUrlIsNull" classname="org.glasswall.solutions.client.RebuildClientTest" time="0"/>
  <testcase name="testRebuildBase64FileDoesntExist" classname="org.glasswall.solutions.client.RebuildClientTest" time="0.013"/>
  <testcase name="testConstructorHttpClientPresent" classname="org.glasswall.solutions.client.RebuildClientTest" time="0.511"/>
  <testcase name="testconstructorWithHostOnly" classname="org.glasswall.solutions.client.RebuildClientTest" time="0"/>
  <testcase name="testRebuildBase64" classname="org.glasswall.solutions.client.RebuildClientTest" time="0.013">
    <error type="java.lang.NullPointerException">java.lang.NullPointerException
	at org.glasswall.solutions.client.RebuildClientTest.testRebuildBase64(RebuildClientTest.java:177)
</error>
  </testcase>
  <testcase name="testRebuild" classname="org.glasswall.solutions.client.RebuildClientTest" time="0.031">
    <error type="java.lang.NullPointerException">java.lang.NullPointerException
	at org.glasswall.solutions.client.RebuildClientTest.testRebuild(RebuildClientTest.java:76)
</error>
  </testcase>
  <testcase name="testRebuildBase64FileIsDirectory" classname="org.glasswall.solutions.client.RebuildClientTest" time="0"/>
  <testcase name="testRebuildBase64ContentAreTheSame" classname="org.glasswall.solutions.client.RebuildClientTest" time="0.046">
    <error message="Unexpected exception, expected&lt;org.glasswall.solutions.exceptions.RebuildApiException&gt; but was&lt;java.lang.NullPointerException&gt;" type="java.lang.Exception"><![CDATA[java.lang.Exception: Unexpected exception, expected<org.glasswall.solutions.exceptions.RebuildApiException> but was<java.lang.NullPointerException>
	at org.glasswall.solutions.client.RebuildClientTest.testRebuildBase64ContentAreTheSame(RebuildClientTest.java:148)
]]></error>
  </testcase>
  <testcase name="testRebuildFile" classname="org.glasswall.solutions.client.RebuildClientTest" time="0.168"/>
  <testcase name="testConstructorHttpClientPresentNotNull" classname="org.glasswall.solutions.client.RebuildClientTest" time="0"/>
  <testcase name="testconstructorWithHostOnlyHostIsNull" classname="org.glasswall.solutions.client.RebuildClientTest" time="0.001"/>
  <testcase name="testRebuildFileResponseIs500" classname="org.glasswall.solutions.client.RebuildClientTest" time="0.007"/>
</testsuite>